Flow report for Debug
Sun Oct 25 22:41:04 2015
Quartus II 64-Bit Version 13.0.1 Build 232 06/12/2013 Service Pack 1 SJ Web Edition


---------------------
; Table of Contents ;
---------------------
  1. Legal Notice
  2. Flow Summary
  3. Flow Settings
  4. Flow Non-Default Global Settings
  5. Flow Elapsed Time
  6. Flow OS Summary
  7. Flow Log
  8. Flow Messages
  9. Flow Suppressed Messages



----------------
; Legal Notice ;
----------------
Copyright (C) 1991-2013 Altera Corporation
Your use of Altera Corporation's design tools, logic functions 
and other software and tools, and its AMPP partner logic 
functions, and any output files from any of the foregoing 
(including device programming or simulation files), and any 
associated documentation or information are expressly subject 
to the terms and conditions of the Altera Program License 
Subscription Agreement, Altera MegaCore Function License 
Agreement, or other applicable license agreement, including, 
without limitation, that your use is for the sole purpose of 
programming logic devices manufactured by Altera and sold by 
Altera or its authorized distributors.  Please refer to the 
applicable agreement for further details.



+--------------------------------------------------------------------------------------+
; Flow Summary                                                                         ;
+------------------------------------+-------------------------------------------------+
; Flow Status                        ; Successful - Sun Oct 25 22:41:04 2015           ;
; Quartus II 64-Bit Version          ; 13.0.1 Build 232 06/12/2013 SP 1 SJ Web Edition ;
; Revision Name                      ; Debug                                           ;
; Top-level Entity Name              ; Project2                                        ;
; Family                             ; Cyclone II                                      ;
; Device                             ; EP2C20F484C7                                    ;
; Timing Models                      ; Final                                           ;
; Total logic elements               ; 1,916 / 18,752 ( 10 % )                         ;
;     Total combinational functions  ; 1,846 / 18,752 ( 10 % )                         ;
;     Dedicated logic registers      ; 632 / 18,752 ( 3 % )                            ;
; Total registers                    ; 632                                             ;
; Total pins                         ; 61 / 315 ( 19 % )                               ;
; Total virtual pins                 ; 0                                               ;
; Total memory bits                  ; 65,536 / 239,616 ( 27 % )                       ;
; Embedded Multiplier 9-bit elements ; 0 / 52 ( 0 % )                                  ;
; Total PLLs                         ; 1 / 4 ( 25 % )                                  ;
+------------------------------------+-------------------------------------------------+


+-----------------------------------------+
; Flow Settings                           ;
+-------------------+---------------------+
; Option            ; Setting             ;
+-------------------+---------------------+
; Start date & time ; 10/25/2015 22:40:26 ;
; Main task         ; Compilation         ;
; Revision Name     ; Debug               ;
+-------------------+---------------------+


+-------------------------------------------------------------------------------------------------------------------------+
; Flow Non-Default Global Settings                                                                                        ;
+-----------------------------------------+--------------------------------+---------------+-------------+----------------+
; Assignment Name                         ; Value                          ; Default Value ; Entity Name ; Section Id     ;
+-----------------------------------------+--------------------------------+---------------+-------------+----------------+
; ADD_PASS_THROUGH_LOGIC_TO_INFERRED_RAMS ; Off                            ; On            ; --          ; --             ;
; ALLOW_ANY_RAM_SIZE_FOR_RECOGNITION      ; On                             ; Off           ; --          ; --             ;
; ALLOW_ANY_ROM_SIZE_FOR_RECOGNITION      ; On                             ; Off           ; --          ; --             ;
; ALLOW_POWER_UP_DONT_CARE                ; Off                            ; On            ; --          ; --             ;
; AUTO_RAM_TO_LCELL_CONVERSION            ; On                             ; Off           ; --          ; --             ;
; COMPILER_SIGNATURE_ID                   ; 14098532356308.144582722612828 ; --            ; --          ; --             ;
; EDA_DESIGN_INSTANCE_NAME                ; NA                             ; --            ; --          ; ALUTestBench   ;
; EDA_DESIGN_INSTANCE_NAME                ; NA                             ; --            ; --          ; muxTestBench   ;
; EDA_NATIVELINK_SIMULATION_TEST_BENCH    ; muxTestBench                   ; --            ; --          ; eda_simulation ;
; EDA_OUTPUT_DATA_FORMAT                  ; Vhdl                           ; --            ; --          ; eda_simulation ;
; EDA_SIMULATION_TOOL                     ; ModelSim-Altera (VHDL)         ; <None>        ; --          ; --             ;
; EDA_TEST_BENCH_ENABLE_STATUS            ; TEST_BENCH_MODE                ; --            ; --          ; eda_simulation ;
; EDA_TEST_BENCH_FILE                     ; ALUTestBench.v                 ; --            ; --          ; ALUTestBench   ;
; EDA_TEST_BENCH_FILE                     ; muxTestBench.v                 ; --            ; --          ; muxTestBench   ;
; EDA_TEST_BENCH_MODULE_NAME              ; ALUTestBench                   ; --            ; --          ; ALUTestBench   ;
; EDA_TEST_BENCH_MODULE_NAME              ; muxTestBench                   ; --            ; --          ; muxTestBench   ;
; EDA_TEST_BENCH_NAME                     ; ALUTestBench                   ; --            ; --          ; eda_simulation ;
; EDA_TEST_BENCH_NAME                     ; muxTestBench                   ; --            ; --          ; eda_simulation ;
; ENABLE_SIGNALTAP                        ; Off                            ; --            ; --          ; --             ;
; FITTER_EFFORT                           ; Fast Fit                       ; Auto Fit      ; --          ; --             ;
; IP_TOOL_NAME                            ; ALTPLL                         ; --            ; --          ; --             ;
; IP_TOOL_VERSION                         ; 13.0                           ; --            ; --          ; --             ;
; MAX_CORE_JUNCTION_TEMP                  ; 85                             ; --            ; --          ; --             ;
; MIN_CORE_JUNCTION_TEMP                  ; 0                              ; --            ; --          ; --             ;
; MISC_FILE                               ; Lectures.dpf                   ; --            ; --          ; --             ;
; MISC_FILE                               ; PLL_inst.v                     ; --            ; --          ; --             ;
; MISC_FILE                               ; PLL_bb.v                       ; --            ; --          ; --             ;
; MISC_FILE                               ; PLL.ppf                        ; --            ; --          ; --             ;
; PARTITION_COLOR                         ; 16764057                       ; --            ; Project2    ; Top            ;
; PARTITION_FITTER_PRESERVATION_LEVEL     ; PLACEMENT_AND_ROUTING          ; --            ; Project2    ; Top            ;
; PARTITION_NETLIST_TYPE                  ; SOURCE                         ; --            ; Project2    ; Top            ;
; PHYSICAL_SYNTHESIS_EFFORT               ; Fast                           ; Normal        ; --          ; --             ;
; PLACEMENT_EFFORT_MULTIPLIER             ; 1                              ; 1.0           ; --          ; --             ;
; POWER_AUTO_COMPUTE_TJ                   ; Off                            ; On            ; --          ; --             ;
; POWER_TJ_VALUE                          ; 85                             ; 25            ; --          ; --             ;
; REMOVE_REDUNDANT_LOGIC_CELLS            ; On                             ; Off           ; --          ; --             ;
; ROUTER_EFFORT_MULTIPLIER                ; 1                              ; 1.0           ; --          ; --             ;
; SAVE_DISK_SPACE                         ; Off                            ; On            ; --          ; --             ;
; SMART_RECOMPILE                         ; On                             ; Off           ; --          ; --             ;
; TIMEQUEST_DO_REPORT_TIMING              ; On                             ; Off           ; --          ; --             ;
; TOP_LEVEL_ENTITY                        ; Project2                       ; Debug         ; --          ; --             ;
; USE_SIGNALTAP_FILE                      ; Debug.stp                      ; --            ; --          ; --             ;
+-----------------------------------------+--------------------------------+---------------+-------------+----------------+


+-------------------------------------------------------------------------------------------------------------------------------+
; Flow Elapsed Time                                                                                                             ;
+---------------------------+--------------+-------------------------+---------------------+------------------------------------+
; Module Name               ; Elapsed Time ; Average Processors Used ; Peak Virtual Memory ; Total CPU Time (on all processors) ;
+---------------------------+--------------+-------------------------+---------------------+------------------------------------+
; Analysis & Synthesis      ; 00:00:12     ; 1.0                     ; 510 MB              ; 00:00:12                           ;
; Fitter                    ; 00:00:12     ; 1.3                     ; 1152 MB             ; 00:00:15                           ;
; Assembler                 ; 00:00:02     ; 1.0                     ; 450 MB              ; 00:00:02                           ;
; TimeQuest Timing Analyzer ; 00:00:05     ; 1.0                     ; 526 MB              ; 00:00:03                           ;
; EDA Netlist Writer        ; 00:00:02     ; 1.0                     ; 433 MB              ; 00:00:02                           ;
; Total                     ; 00:00:33     ; --                      ; --                  ; 00:00:34                           ;
+---------------------------+--------------+-------------------------+---------------------+------------------------------------+


+----------------------------------------------------------------------------------------+
; Flow OS Summary                                                                        ;
+---------------------------+------------------+-----------+------------+----------------+
; Module Name               ; Machine Hostname ; OS Name   ; OS Version ; Processor type ;
+---------------------------+------------------+-----------+------------+----------------+
; Analysis & Synthesis      ; 4n3ver           ; Windows 7 ; 6.2        ; x86_64         ;
; Fitter                    ; 4n3ver           ; Windows 7 ; 6.2        ; x86_64         ;
; Assembler                 ; 4n3ver           ; Windows 7 ; 6.2        ; x86_64         ;
; TimeQuest Timing Analyzer ; 4n3ver           ; Windows 7 ; 6.2        ; x86_64         ;
; EDA Netlist Writer        ; 4n3ver           ; Windows 7 ; 6.2        ; x86_64         ;
+---------------------------+------------------+-----------+------------+----------------+


------------
; Flow Log ;
------------
quartus_map --read_settings_files=on --write_settings_files=off Project2 -c Debug
quartus_fit --read_settings_files=off --write_settings_files=off Project2 -c Debug
quartus_asm --read_settings_files=off --write_settings_files=off Project2 -c Debug
quartus_sta Project2 -c Debug
quartus_eda --read_settings_files=off --write_settings_files=off Project2 -c Debug



